Request Recevied
Request Recevied
input username = wenet
input password = ea96c09548fca37a398e9bf711346350
login success
Request Recevied
Request Recevied
input username = 3214234
input password = 234234234
login Failed
Request Recevied
Request Recevied
input username = wenet
input password = ea96c09548fca37a398e9bf711346350
login success
save uploaded file to upload folder
uploads/eyc.pdf
save uploaded file to upload folder
uploads/2015_Book_IntroductionToEvolutionaryComp.pdf
save uploaded file to upload folder
uploads/Vocabulary for IELTS [www.languagecentre.ir].pdf
save uploaded file to upload folder
uploads/2015_Book_IntroductionToEvolutionaryComp.pdf
save uploaded file to upload folder
uploads/2020-Scrum-Guide-US.pdf
step invalid
save uploaded file to upload folder
uploads/2015_Book_IntroductionToEvolutionaryComp.pdf
save uploaded file to upload folder
uploads/2015_Book_IntroductionToEvolutionaryComp.pdf
save uploaded file to upload folder
uploads/2020-Scrum-Guide-US.pdf
step invalid
save uploaded file to upload folder
uploads/2015_Book_IntroductionToEvolutionaryComp.pdf
save uploaded file to upload folder
uploads/2020-Scrum-Guide-US.pdf
step invalid
save uploaded file to upload folder
uploads/2015_Book_IntroductionToEvolutionaryComp.pdf
save uploaded file to upload folder
uploads/2020-Scrum-Guide-US.pdf
step invalid
save uploaded file to upload folder
uploads/eyc.pdf
save uploaded file to upload folder
uploads/2015_Book_IntroductionToEvolutionaryComp.pdf
save uploaded file to upload folder
uploads/2020-Scrum-Guide-US.pdf
save uploaded file to upload folder
uploads/eyc.pdf
save uploaded file to upload folder
uploads/eyc.png
save uploaded file to upload folder
uploads/issues 2024-03-06.pdf
save uploaded file to upload folder
uploads/microservice-architecture.jpg
save uploaded file to upload folder
uploads/لیست فعالیتهای باقی مانده از واسط کاربری تحت وب تا ابتدای اسفند 1402.pdf
step invalid
